<?xml version="1.0" encoding="UTF-8"?>
<!-- Generated by org.testng.reporters.JUnitXMLReporter -->
<testsuite ignored="0" hostname="DESKTOP-OKL3428" failures="0" tests="3" name="Default test" time="7.246" errors="0" timestamp="2023-08-27T05:19:03 GMT-07:00">
  <testcase classname="testngexample" name="testcase1" time="4.09"/>
  <testcase classname="testngexample" name="testcase2" time="2.207"/>
  <testcase classname="testngexample" name="testcase3" time="0.85"/>
</testsuite> <!-- Default test -->
