<?xml version="1.0" encoding="UTF-8"?>
<!-- Generated by org.testng.reporters.JUnitXMLReporter -->
<testsuite ignored="0" hostname="DESKTOP-OKL3428" failures="0" tests="4" name="chromeTest" time="11.612" errors="0" timestamp="2023-08-27T05:57:42 GMT-07:00">
  <testcase classname="crosbrowserTest" name="beforeclas" time="5.877"/>
  <testcase classname="crosbrowserTest" name="testcase1" time="0.367"/>
  <testcase classname="crosbrowserTest" name="testcase2" time="5.238"/>
  <testcase classname="crosbrowserTest" name="testcase3" time="0.002"/>
</testsuite> <!-- chromeTest -->
