<?xml version="1.0" encoding="UTF-8"?>
<!-- Generated by org.testng.reporters.JUnitXMLReporter -->
<testsuite ignored="0" hostname="DESKTOP-OKL3428" failures="0" tests="4" name="EdgeTest" time="20.488" errors="0" timestamp="2023-08-27T05:57:51 GMT-07:00">
  <testcase classname="crosbrowserTest" name="beforeclas" time="14.086"/>
  <testcase classname="crosbrowserTest" name="testcase1" time="0.24"/>
  <testcase classname="crosbrowserTest" name="testcase2" time="6.052"/>
  <testcase classname="crosbrowserTest" name="testcase3" time="0.004"/>
</testsuite> <!-- EdgeTest -->
