<?xml version="1.0" encoding="UTF-8"?>
<!-- Generated by org.testng.reporters.JUnitXMLReporter -->
<testsuite ignored="0" hostname="DESKTOP-OKL3428" failures="0" tests="4" name="Test1" time="70.865" errors="0" timestamp="2023-08-27T05:47:16 GMT-07:00">
  <testcase classname="crosbrowserTest" name="beforeclas" time="43.032"/>
  <testcase classname="crosbrowserTest" name="testcase1" time="0.445"/>
  <testcase classname="crosbrowserTest" name="testcase2" time="10.777"/>
  <testcase classname="crosbrowserTest" name="testcase3" time="0.002"/>
</testsuite> <!-- Test1 -->
