<?xml version="1.0" encoding="UTF-8"?>
<!-- Generated by org.testng.reporters.JUnitXMLReporter -->
<testsuite ignored="0" hostname="DESKTOP-OKL3428" failures="0" tests="4" name="Test" time="22.958" errors="0" timestamp="2023-08-27T05:46:05 GMT-07:00">
  <testcase classname="crosbrowserTest" name="beforeclas" time="5.098"/>
  <testcase classname="crosbrowserTest" name="testcase1" time="0.025"/>
  <testcase classname="crosbrowserTest" name="testcase2" time="12.139"/>
  <testcase classname="crosbrowserTest" name="testcase3" time="0.002"/>
</testsuite> <!-- Test -->
