<?xml version="1.0" encoding="UTF-8"?>
<!-- Generated by org.testng.reporters.JUnitXMLReporter -->
<testsuite ignored="0" hostname="DESKTOP-OKL3428" failures="1" tests="3" name="Tests" time="11.934" errors="0" timestamp="2023-08-20T06:45:13 GMT-07:00">
  <testcase classname="beforeAfterclas" name="testcase1" time="0.029">
    <failure type="java.lang.AssertionError" message="expected [Online Shopping site in India: Shop nline for Mobiles, Books, Watches, Shoes and More - Amazon.in] but found [Online Shopping site in India: Shop Online for Mobiles, Books, Watches, Shoes and More - Amazon.in]">
      <![CDATA[java.lang.AssertionError: expected [Online Shopping site in India: Shop nline for Mobiles, Books, Watches, Shoes and More - Amazon.in] but found [Online Shopping site in India: Shop Online for Mobiles, Books, Watches, Shoes and More - Amazon.in]
at beforeAfterclas.testcase1(beforeAfterclas.java:27)
at java.base/java.util.ArrayList.forEach(ArrayList.java:1511)
... Removed 31 stack frames]]>
    </failure>
  </testcase> <!-- testcase1 -->
  <testcase classname="beforeAfterclas" name="testcase2" time="2.723"/>
  <testcase classname="beforeAfterclas" name="testcase3" time="0.003"/>
</testsuite> <!-- Tests -->
