<?xml version="1.0" encoding="UTF-8"?>
<testng-results ignored="0" total="8" passed="8" failed="0" skipped="0">
  <reporter-output>
  </reporter-output>
  <suite started-at="2023-08-27T05:57:30 GMT-07:00" name="Suite" finished-at="2023-08-27T05:57:51 GMT-07:00" duration-ms="20488">
    <groups>
    </groups>
    <test started-at="2023-08-27T05:57:30 GMT-07:00" name="chromeTest" finished-at="2023-08-27T05:57:42 GMT-07:00" duration-ms="11612">
      <class name="crosbrowserTest">
        <test-method signature="beforeclas(java.lang.String)[pri:0, instance:crosbrowserTest@3c41ed1d]" started-at="2023-08-27T05:57:30 GMT-07:00" name="beforeclas" finished-at="2023-08-27T05:57:36 GMT-07:00" duration-ms="5877" status="PASS">
          <params>
            <param index="0">
              <value>
                <![CDATA[chrome]]>
              </value>
            </param>
          </params>
          <reporter-output>
          </reporter-output>
        </test-method> <!-- beforeclas -->
        <test-method signature="testcase1()[pri:0, instance:crosbrowserTest@3c41ed1d]" started-at="2023-08-27T05:57:36 GMT-07:00" name="testcase1" finished-at="2023-08-27T05:57:37 GMT-07:00" duration-ms="367" status="PASS">
          <reporter-output>
          </reporter-output>
        </test-method> <!-- testcase1 -->
        <test-method signature="testcase2(java.lang.String)[pri:0, instance:crosbrowserTest@3c41ed1d]" started-at="2023-08-27T05:57:37 GMT-07:00" name="testcase2" finished-at="2023-08-27T05:57:42 GMT-07:00" duration-ms="5238" status="PASS">
          <params>
            <param index="0">
              <value>
                <![CDATA[Samsung Mobile]]>
              </value>
            </param>
          </params>
          <reporter-output>
          </reporter-output>
        </test-method> <!-- testcase2 -->
        <test-method signature="testcase3()[pri:0, instance:crosbrowserTest@3c41ed1d]" started-at="2023-08-27T05:57:42 GMT-07:00" name="testcase3" finished-at="2023-08-27T05:57:42 GMT-07:00" duration-ms="2" status="PASS">
          <reporter-output>
          </reporter-output>
        </test-method> <!-- testcase3 -->
      </class> <!-- crosbrowserTest -->
    </test> <!-- chromeTest -->
    <test started-at="2023-08-27T05:57:30 GMT-07:00" name="EdgeTest" finished-at="2023-08-27T05:57:51 GMT-07:00" duration-ms="20488">
      <class name="crosbrowserTest">
        <test-method signature="beforeclas(java.lang.String)[pri:0, instance:crosbrowserTest@4c178a76]" started-at="2023-08-27T05:57:30 GMT-07:00" name="beforeclas" finished-at="2023-08-27T05:57:44 GMT-07:00" duration-ms="14086" status="PASS">
          <params>
            <param index="0">
              <value>
                <![CDATA[edge]]>
              </value>
            </param>
          </params>
          <reporter-output>
          </reporter-output>
        </test-method> <!-- beforeclas -->
        <test-method signature="testcase1()[pri:0, instance:crosbrowserTest@4c178a76]" started-at="2023-08-27T05:57:44 GMT-07:00" name="testcase1" finished-at="2023-08-27T05:57:45 GMT-07:00" duration-ms="240" status="PASS">
          <reporter-output>
          </reporter-output>
        </test-method> <!-- testcase1 -->
        <test-method signature="testcase2(java.lang.String)[pri:0, instance:crosbrowserTest@4c178a76]" started-at="2023-08-27T05:57:45 GMT-07:00" name="testcase2" finished-at="2023-08-27T05:57:51 GMT-07:00" duration-ms="6052" status="PASS">
          <params>
            <param index="0">
              <value>
                <![CDATA[Samsung Mobile]]>
              </value>
            </param>
          </params>
          <reporter-output>
          </reporter-output>
        </test-method> <!-- testcase2 -->
        <test-method signature="testcase3()[pri:0, instance:crosbrowserTest@4c178a76]" started-at="2023-08-27T05:57:51 GMT-07:00" name="testcase3" finished-at="2023-08-27T05:57:51 GMT-07:00" duration-ms="4" status="PASS">
          <reporter-output>
          </reporter-output>
        </test-method> <!-- testcase3 -->
      </class> <!-- crosbrowserTest -->
    </test> <!-- EdgeTest -->
  </suite> <!-- Suite -->
</testng-results>
